build/app/outputs/mapping/release/seeds.txt
com.alhasani.onesignalflutter.MainActivity: MainActivity()
com.alhasani.onesignalflutter.MainActivity
...
io.flutter.plugin.editing.ImeSyncDeferringInsetsCallback$AnimationCallback
com.onesignal.JobIntentService$CompatWorkEnqueuer: JobIntentService$CompatWorkEnqueuer(android.content.Context,android.content.ComponentName)
androidx.appcompat.widget.ViewStubCompat: void setLayoutResource(int)
androidx.work.NetworkType: androidx.work.NetworkType[] values()
androidx.appcompat.widget.AppCompatRadioButton: android.content.res.ColorStateList getSupportButtonTintList()
com.google.firebase.iid.Registrar: Registrar()
androidx.appcompat.resources.Compatibility$Api18Impl: void setAutoCancel(android.animation.ObjectAnimator,boolean)
com.onesignal.shortcutbadger.impl.HuaweiHomeBadger: HuaweiHomeBadger()
io.flutter.embedding.engine.mutatorsstack.FlutterMutatorsStack: java.util.List getFinalClippingPaths()
com.onesignal.shortcutbadger.impl.SamsungHomeBadger: SamsungHomeBadger()
com.onesignal.JobIntentService$CompatWorkEnqueuer
androidx.appcompat.widget.SearchView: void setOnCloseListener(androidx.appcompat.widget.SearchView$OnCloseListener)
com.google.android.gms.common.api.GoogleApiClient: void disconnect()
androidx.appcompat.widget.AppCompatTextView: android.view.textclassifier.TextClassifier getTextClassifier()
com.onesignal.OSSubscriptionChangedInternalObserver: void changed(com.onesignal.OSSubscriptionState)
androidx.activity.ComponentActivity: void setContentView(android.view.View)
androidx.appcompat.widget.AppCompatSpinner: int getDropDownWidth()
io.flutter.plugin.editing.ImeSyncDeferringInsetsCallback: android.view.WindowInsets lastWindowInsets
com.onesignal.HmsMessageServiceOneSignal
androidx.appcompat.widget.AppCompatSpinner: androidx.appcompat.widget.AppCompatSpinner$SpinnerPopup getInternalPopup()
androidx.appcompat.widget.AppCompatCheckBox: android.graphics.PorterDuff$Mode getSupportBackgroundTintMode()
androidx.appcompat.widget.AppCompatImageView: android.content.res.ColorStateList getSupportImageTintList()
androidx.appcompat.widget.DropDownListView: void setListSelectionHidden(boolean)
androidx.core.app.CoreComponentFactory
androidx.appcompat.view.menu.ActionMenuItemView: void setCheckable(boolean)
io.flutter.embedding.engine.systemchannels.PlatformChannel$SystemUiOverlay: io.flutter.embedding.engine.systemchannels.PlatformChannel$SystemUiOverlay[] values()
com.onesignal.FCMIntentService
com.google.firebase.iid.FirebaseInstanceId
com.onesignal.shortcutbadger.impl.AsusHomeBadger
androidx.versionedparcelable.CustomVersionedParcelable: CustomVersionedParcelable()
com.onesignal.FCMBroadcastReceiver
androidx.appcompat.widget.Toolbar: void setCollapseContentDescription(java.lang.CharSequence)
com.onesignal.OneSignal$LOG_LEVEL: com.onesignal.OneSignal$LOG_LEVEL valueOf(java.lang.String)
androidx.media.AudioAttributesImplBaseParcelizer: androidx.media.AudioAttributesImplBase read(androidx.versionedparcelable.VersionedParcel)
androidx.lifecycle.Lifecycle$Event: androidx.lifecycle.Lifecycle$Event ON_STOP
androidx.appcompat.widget.AppCompatTextView: android.content.res.ColorStateList getSupportCompoundDrawablesTintList()
com.google.firebase.iid.FirebaseInstanceId: java.lang.String getToken(java.lang.String,java.lang.String)
androidx.appcompat.widget.FitWindowsLinearLayout: void setOnFitSystemWindowsListener(androidx.appcompat.widget.FitWindowsViewGroup$OnFitSystemWindowsListener)
com.onesignal.NotificationOpenedReceiver
androidx.appcompat.widget.ActionBarContainer
io.flutter.embedding.android.FlutterSplashView$SavedState: java.lang.String access$600(io.flutter.embedding.android.FlutterSplashView$SavedState)
androidx.appcompat.widget.AppCompatImageView: android.graphics.PorterDuff$Mode getSupportBackgroundTintMode()
io.flutter.view.AccessibilityViewEmbedder: int nextFlutterId
androidx.appcompat.widget.ActionBarContainer: android.view.View getTabContainer()
androidx.appcompat.widget.AppCompatSpinner: android.graphics.drawable.Drawable getPopupBackground()
com.onesignal.NotificationDismissReceiver