build/app/outputs/mapping/release/mapping.txt
# compiler: R8
# compiler_version: 2.1.62
# min_api: 16
# pg_map_id: 0b5d546
# common_typos_disable
...
com.google.android.gms.common.api.internal.zaac -> com.google.android.gms.common.api.internal.m:
    com.google.android.gms.common.api.internal.BasePendingResult zafm -> a
    com.google.android.gms.common.api.internal.zaab zafn -> b
    void onComplete(com.google.android.gms.common.api.Status) -> a
com.google.android.gms.common.api.internal.zaae -> com.google.android.gms.common.api.internal.n:
com.google.android.gms.common.api.internal.zaaf -> com.google.android.gms.common.api.internal.o:
    com.google.android.gms.common.api.internal.zai zafq -> a
    com.google.android.gms.tasks.TaskCompletionSource zafr -> b
    com.google.android.gms.tasks.TaskCompletionSource zaal() -> a
    com.google.android.gms.common.api.internal.zai zak() -> b
com.google.android.gms.common.api.internal.zaag -> com.google.android.gms.common.api.internal.p:
    java.lang.String zafs -> b
    void dump(java.lang.String,java.io.FileDescriptor,java.io.PrintWriter,java.lang.String[]) -> e
    boolean isConnected() -> h
com.google.android.gms.common.api.internal.zaah -> com.google.android.gms.common.api.internal.q:
    com.google.android.gms.common.api.internal.zabe zaft -> a
    boolean zafu -> b
    com.google.android.gms.common.api.internal.zabe zaa(com.google.android.gms.common.api.internal.zaah) -> a
    void onConnectionSuspended(int) -> b
    boolean disconnect() -> c
    void connect() -> d
    void onConnected(android.os.Bundle) -> e
    com.google.android.gms.common.api.internal.BaseImplementation$ApiMethodImpl execute(com.google.android.gms.common.api.internal.BaseImplementation$ApiMethodImpl) -> f
    void zaam() -> g
    void zaa(com.google.android.gms.common.ConnectionResult,com.google.android.gms.common.api.Api,boolean) -> i
    void begin() -> j
com.google.android.gms.common.api.internal.zaai -> com.google.android.gms.common.api.internal.r:
    com.google.android.gms.common.api.internal.zaah zafv -> b
    void zaan() -> a
com.google.android.gms.common.api.internal.zaaj -> com.google.android.gms.common.api.internal.s:
    com.google.android.gms.common.api.internal.zaah zafv -> b
    void zaan() -> a
com.google.android.gms.common.api.internal.zaak -> com.google.android.gms.common.api.internal.t:
    com.google.android.gms.common.api.internal.zabe zaft -> a
    com.google.android.gms.common.GoogleApiAvailabilityLight zaey -> d
    boolean zagd -> m
    boolean zage -> n
    android.content.Context mContext -> c
    java.util.Map zaew -> s
    boolean zagg -> p
    com.google.android.gms.common.ConnectionResult zafh -> e
    com.google.android.gms.common.internal.ClientSettings zaet -> r
    int zafy -> h
    boolean zagc -> l
    int zafw -> f
    com.google.android.gms.signin.zad zagb -> k
    com.google.android.gms.common.api.Api$AbstractClientBuilder zace -> t
    int zafx -> g
    android.os.Bundle zafz -> i
    boolean zagh -> q
    java.util.Set zaga -> j
    java.util.ArrayList zagi -> u
    com.google.android.gms.common.internal.IAccountAccessor zagf -> o
    java.util.concurrent.locks.Lock zaeo -> b
    java.lang.String zad(int) -> A
    boolean zad(com.google.android.gms.common.ConnectionResult) -> B
    void zae(com.google.android.gms.common.ConnectionResult) -> C
    boolean zae(com.google.android.gms.common.api.internal.zaak) -> D
    com.google.android.gms.signin.zad zaf(com.google.android.gms.common.api.internal.zaak) -> E
    java.util.Set zag(com.google.android.gms.common.api.internal.zaak) -> F
    com.google.android.gms.common.internal.IAccountAccessor zah(com.google.android.gms.common.api.internal.zaak) -> G
com.google.android.gms.common.api.internal.zaal -> com.google.android.gms.common.api.internal.u:
    com.google.android.gms.common.api.internal.zaak zagj -> b