build/app/outputs/mapping/release/usage.txt
com.alhasani.onesignalflutter.R$xml
com.alhasani.onesignalflutter.R$mipmap
com.alhasani.onesignalflutter.R$integer
com.alhasani.onesignalflutter.R$color
com.alhasani.onesignalflutter.R$string
com.alhasani.onesignalflutter.R$dimen
com.alhasani.onesignalflutter.R
com.alhasani.onesignalflutter.R$style
com.alhasani.onesignalflutter.R$drawable
com.alhasani.onesignalflutter.R$attr
com.alhasani.onesignalflutter.R$anim
com.alhasani.onesignalflutter.R$animator
com.alhasani.onesignalflutter.R$layout
com.alhasani.onesignalflutter.R$interpolator
com.alhasani.onesignalflutter.R$raw
com.alhasani.onesignalflutter.R$id
com.alhasani.onesignalflutter.BuildConfig
com.alhasani.onesignalflutter.R$bool
com.alhasani.onesignalflutter.R$styleable
...
kotlin.collections.ArraysKt___ArraysJvmKt$asList$6
androidx.work.impl.utils.StatusRunnable$1
com.google.android.gms.common.api.ApiException:
    public int getStatusCode()
    public java.lang.String getStatusMessage()
kotlin.collections.SetsKt__SetsKt
androidx.core.view.WindowInsetsAnimationCompat$BoundsCompat
kotlin.UInt
kotlin.text.CharCategory
kotlin.io.FilesKt__FilePathComponentsKt
androidx.appcompat.app.ActionBarDrawerToggle$1
androidx.core.text.util.LinkifyCompat$LinkSpec
kotlin.text.RegexKt
androidx.core.app.NotificationCompat$WearableExtender
kotlin.collections.ArraysKt___ArraysKt$asSequence$$inlined$Sequence$5
com.onesignal.NotificationBundleProcessor:
    void <init>()
    public static final java.lang.String PUSH_ADDITIONAL_DATA_KEY
    public static final java.lang.String PUSH_MINIFIED_BUTTONS_LIST
    public static final java.lang.String PUSH_MINIFIED_BUTTON_ID
    public static final java.lang.String PUSH_MINIFIED_BUTTON_TEXT
    public static final java.lang.String PUSH_MINIFIED_BUTTON_ICON
    private static final java.lang.String IAM_PREVIEW_KEY
    private static final java.lang.String ANDROID_NOTIFICATION_ID
    static final java.lang.String DEFAULT_ACTION
kotlin.jvm.functions.Function19
com.onesignal.OSInAppMessageController:
    com.onesignal.OSInAppMessage getCurrentDisplayedInAppMessage()
    java.util.Map getTriggers()
    boolean inAppMessagingEnabled()
    public java.util.ArrayList getInAppMessageDisplayQueue()
    public java.util.List getRedisplayedInAppMessages()
    private static final java.lang.String OS_IAM_DB_ACCESS
    public static final java.lang.String IN_APP_MESSAGES_JSON_KEY
    private static final java.lang.String LIQUID_TAG_SCRIPT
androidx.emoji2.text.EmojiCompat$CompatInternal19:
    boolean hasEmojiGlyph(java.lang.CharSequence)
    boolean hasEmojiGlyph(java.lang.CharSequence,int)
    java.lang.String getAssetSignature()
androidx.annotation.BoolRes
androidx.core.content.res.ResourcesCompat$ThemeCompat$ImplApi23:
    private void <init>()
android.support.v4.media.session.MediaControllerCompat$TransportControlsBase
androidx.lifecycle.AndroidViewModel
kotlin.collections.builders.MapBuilderEntries
com.onesignal.flutter.R$color
com.onesignal.OneSignalRestClient:
    void <init>()
    static final java.lang.String CACHE_KEY_GET_TAGS
    static final java.lang.String CACHE_KEY_REMOTE_PARAMS
    private static final java.lang.String OS_API_VERSION
    private static final java.lang.String OS_ACCEPT_HEADER
    private static final java.lang.String BASE_URL
    private static final int THREAD_ID
    private static final int TIMEOUT
    private static final int GET_TIMEOUT
androidx.loader.app.LoaderManagerImpl$LoaderViewModel:
    void startCreatingLoader()
    boolean isCreatingLoader()
    void finishCreatingLoader()
    void putLoader(int,androidx.loader.app.LoaderManagerImpl$LoaderInfo)
    androidx.loader.app.LoaderManagerImpl$LoaderInfo getLoader(int)
    void removeLoader(int)
    boolean hasRunningLoaders()
com.onesignal.UserStateSecondaryChannelSynchronizer:
    protected abstract com.onesignal.UserState newUserState(java.lang.String,boolean)
    abstract void logoutChannel()
    abstract void updateIdDependents(java.lang.String)
    boolean getSubscribed()
    com.onesignal.UserStateSynchronizer$GetTagsResult getTags(boolean)
    java.lang.String getExternalId(boolean)
    void setSubscription(boolean)
    public boolean getUserSubscribePreference()
    public void setPermission(boolean)
    void updateState(org.json.JSONObject)
kotlin.collections.IndexingIterable
androidx.viewpager.widget.ViewPager$3
io.flutter.app.FlutterActivityDelegate$1
androidx.core.app.FrameMetricsAggregator$FrameMetricsBaseImpl
com.google.android.gms.common.util.Hex
com.google.android.gms.common.api.internal.zaav:
    public final com.google.android.gms.common.api.internal.BaseImplementation$ApiMethodImpl enqueue(com.google.android.gms.common.api.internal.BaseImplementation$ApiMethodImpl)